<?xml version="1.0" encoding="UTF-8"?>
<!-- Generated by org.testng.reporters.JUnitReportReporter -->
<testsuite hostname="DESKTOP-GL27Q22" failures="0" tests="3" name="Com.TestCase.CreaatecontafctTest" time="0.024" errors="0" timestamp="07 Apr 2021 10:29:17 GMT" skipped="0">
  <testcase classname="Com.TestCase.CreaatecontafctTest" name="Createcontafct" time="0.018"/>
  <testcase classname="Com.TestCase.CreaatecontafctTest" name="Deletecontafct" time="0.003"/>
  <testcase classname="Com.TestCase.CreaatecontafctTest" name="Validatecontafct" time="0.003"/>
</testsuite> <!-- Com.TestCase.CreaatecontafctTest -->
