<?xml version="1.0" encoding="UTF-8"?>
<!-- Generated by org.testng.reporters.JUnitReportReporter -->
<testsuite hostname="DESKTOP-GL27Q22" failures="0" tests="3" name="Com.TestCase.CreatemarCTest" time="0.013" errors="0" timestamp="07 Apr 2021 10:29:17 GMT" skipped="0">
  <testcase classname="Com.TestCase.CreatemarCTest" name="DeletemarC" time="0.003"/>
  <testcase classname="Com.TestCase.CreatemarCTest" name="CreatemarC" time="0.004"/>
  <testcase classname="Com.TestCase.CreatemarCTest" name="ModifymarC" time="0.006"/>
</testsuite> <!-- Com.TestCase.CreatemarCTest -->
