<?xml version="1.0" encoding="UTF-8"?>
<!-- Generated by org.testng.reporters.JUnitReportReporter -->
<testsuite hostname="DESKTOP-GL27Q22" failures="0" tests="3" name="Com.TestCase.CreatevendorTest" time="0.019" errors="0" timestamp="07 Apr 2021 10:29:17 GMT" skipped="0">
  <testcase classname="Com.TestCase.CreatevendorTest" name="Createvendor" time="0.006"/>
  <testcase classname="Com.TestCase.CreatevendorTest" name="Modifyvendor" time="0.007"/>
  <testcase classname="Com.TestCase.CreatevendorTest" name="Validatevendor" time="0.006"/>
</testsuite> <!-- Com.TestCase.CreatevendorTest -->
