<?xml version="1.0" encoding="UTF-8"?>
<!-- Generated by org.testng.reporters.JUnitReportReporter -->
<testsuite hostname="DESKTOP-GL27Q22" failures="0" tests="3" name="Com.TestCase.CreateOraganizationTest" time="0.007" errors="0" timestamp="07 Apr 2021 10:29:17 GMT" skipped="0">
  <testcase classname="Com.TestCase.CreateOraganizationTest" name="Createorg" time="0.001"/>
  <testcase classname="Com.TestCase.CreateOraganizationTest" name="Deleteorg" time="0.004"/>
  <testcase classname="Com.TestCase.CreateOraganizationTest" name="Modifyorg" time="0.002"/>
</testsuite> <!-- Com.TestCase.CreateOraganizationTest -->
