<?xml version="1.0" encoding="UTF-8"?>
<!-- Generated by org.testng.reporters.JUnitReportReporter -->
<testsuite hostname="DESKTOP-GL27Q22" failures="0" tests="1" name="com.testccase.classgekmokn" time="0.037" errors="0" timestamp="07 Apr 2021 08:58:16 GMT" skipped="0">
  <testcase classname="com.testccase.classgekmokn" name="hidj" time="0.037"/>
</testsuite> <!-- com.testccase.classgekmokn -->
